<?xml version="1.0" encoding="UTF-8" ?>
<testsuite failures="0" time="0.128" errors="0" skipped="0" tests="1" name="com.dada.controller.FTPTest">
  <properties>
    <property name="java.runtime.name" value="Java(TM) SE Runtime Environment"/>
    <property name="sun.boot.library.path" value="C:\DWDevEnvironment\Java\jdk1.7.0_67_x64\jre\bin"/>
    <property name="java.vm.version" value="24.65-b04"/>
    <property name="java.vm.vendor" value="Oracle Corporation"/>
    <property name="maven.multiModuleProjectDirectory" value="C:\DWDevEnvironment\eclipse-oxygen\eclipse-workspace\dada-manager"/>
    <property name="java.vendor.url" value="http://java.oracle.com/"/>
    <property name="path.separator" value=";"/>
    <property name="guice.disable.misplaced.annotation.check" value="true"/>
    <property name="java.vm.name" value="Java HotSpot(TM) 64-Bit Server VM"/>
    <property name="file.encoding.pkg" value="sun.io"/>
    <property name="user.script" value=""/>
    <property name="user.country" value="CN"/>
    <property name="sun.java.launcher" value="SUN_STANDARD"/>
    <property name="sun.os.patch.level" value=""/>
    <property name="java.vm.specification.name" value="Java Virtual Machine Specification"/>
    <property name="user.dir" value="C:\DWDevEnvironment\eclipse-oxygen\eclipse-workspace\dada-manager"/>
    <property name="java.runtime.version" value="1.7.0_67-b01"/>
    <property name="java.awt.graphicsenv" value="sun.awt.Win32GraphicsEnvironment"/>
    <property name="java.endorsed.dirs" value="C:\DWDevEnvironment\Java\jdk1.7.0_67_x64\jre\lib\endorsed"/>
    <property name="os.arch" value="amd64"/>
    <property name="java.io.tmpdir" value="C:\Users\97912\AppData\Local\Temp\"/>
    <property name="line.separator" value="
"/>
    <property name="java.vm.specification.vendor" value="Oracle Corporation"/>
    <property name="user.variant" value=""/>
    <property name="os.name" value="Windows 8.1"/>
    <property name="classworlds.conf" value="C:\DWDevEnvironment\eclipse-oxygen\eclipse-workspace\.metadata\.plugins\org.eclipse.m2e.launching\launches\m2conf2599183018602840673.tmp"/>
    <property name="sun.jnu.encoding" value="GBK"/>
    <property name="java.library.path" value="C:\DWDevEnvironment\Java\jdk1.7.0_67_x64\bin;C:\WINDOWS\Sun\Java\bin;C:\WINDOWS\system32;C:\WINDOWS;C:/DWDevEnvironment/eclipse-oxygen/eclipse//jdk/jdk1.8.0_144/jre/bin/client;C:/DWDevEnvironment/eclipse-oxygen/eclipse//jdk/jdk1.8.0_144/jre/bin;C:/DWDevEnvironment/eclipse-oxygen/eclipse//jdk/jdk1.8.0_144/jre/lib/i386;C:\app\Arcry\product\11.2.0\dbhome_1\bin;C:\Program Files (x86)\NetSarang\Xftp 6\;C:\Program Files (x86)\NetSarang\Xshell 6\;C:\WINDOWS\system32;C:\WINDOWS;C:\WINDOWS\System32\Wbem;C:\WINDOWS\System32\WindowsPowerShell\v1.0\;C:\DWDevEnvironment\Java\jdk1.7.0_67_x64\bin;C:\DWDevEnvironment\Java\jdk1.7.0_67_x64\jre\bin;C:\Program Files\dotnet\;C:\Program Files\Microsoft SQL Server\130\Tools\Binn\;C:\Program Files\MySQL\MySQL Utilities 1.6\;C:\programme\Git\Git\cmd;C:\programme\Git\Git\bin;C:\programme\Git\Git\mingw64\libexec\git-core;C:\programme\VisualStudioCode\Microsoft VS Code\bin;C:\ProgramData\chocolatey\bin;C:\programme\nodejs\;C:\WINDOWS\System32\OpenSSH\;C:\DWDevEnvironment\TortoiseSVN\bin;C:\Program Files (x86)\VisualSVN Server\bin;c:\Program Files (x86)\Microsoft SQL Server\100\Tools\Binn\;c:\Program Files\Microsoft SQL Server\100\Tools\Binn\;c:\Program Files\Microsoft SQL Server\100\DTS\Binn\;c:\Program Files (x86)\Microsoft SQL Server\100\Tools\Binn\VSShell\Common7\IDE\;c:\Program Files (x86)\Microsoft SQL Server\100\DTS\Binn\;C:\Users\97912\AppData\Local\Microsoft\WindowsApps;C:\programme\VisualStudioCode\Microsoft VS Code\bin;C:\Users\97912\AppData\Local\GitHubDesktop\bin;C:\Users\97912\AppData\Local\Microsoft\WindowsApps;C:\Users\97912\AppData\Roaming\npm;;C:\DWDevEnvironment\eclipse-oxygen\eclipse;;."/>
    <property name="java.specification.name" value="Java Platform API Specification"/>
    <property name="java.class.version" value="51.0"/>
    <property name="sun.management.compiler" value="HotSpot 64-Bit Tiered Compilers"/>
    <property name="os.version" value="6.3"/>
    <property name="user.home" value="C:\Users\97912"/>
    <property name="user.timezone" value="Asia/Shanghai"/>
    <property name="java.awt.printerjob" value="sun.awt.windows.WPrinterJob"/>
    <property name="java.specification.version" value="1.7"/>
    <property name="file.encoding" value="GBK"/>
    <property name="user.name" value="Arcry"/>
    <property name="java.class.path" value="/C:/DWDevEnvironment/eclipse-oxygen/eclipse/plugins/org.eclipse.m2e.maven.runtime_1.8.1.20170728-1531/jars/plexus-classworlds-2.5.2.jar"/>
    <property name="java.vm.specification.version" value="1.7"/>
    <property name="sun.arch.data.model" value="64"/>
    <property name="java.home" value="C:\DWDevEnvironment\Java\jdk1.7.0_67_x64\jre"/>
    <property name="sun.java.command" value="org.codehaus.plexus.classworlds.launcher.Launcher -B install"/>
    <property name="java.specification.vendor" value="Oracle Corporation"/>
    <property name="user.language" value="zh"/>
    <property name="awt.toolkit" value="sun.awt.windows.WToolkit"/>
    <property name="java.vm.info" value="mixed mode"/>
    <property name="java.version" value="1.7.0_67"/>
    <property name="java.ext.dirs" value="C:\DWDevEnvironment\Java\jdk1.7.0_67_x64\jre\lib\ext;C:\WINDOWS\Sun\Java\lib\ext"/>
    <property name="sun.boot.class.path" value="C:\DWDevEnvironment\Java\jdk1.7.0_67_x64\jre\lib\resources.jar;C:\DWDevEnvironment\Java\jdk1.7.0_67_x64\jre\lib\rt.jar;C:\DWDevEnvironment\Java\jdk1.7.0_67_x64\jre\lib\sunrsasign.jar;C:\DWDevEnvironment\Java\jdk1.7.0_67_x64\jre\lib\jsse.jar;C:\DWDevEnvironment\Java\jdk1.7.0_67_x64\jre\lib\jce.jar;C:\DWDevEnvironment\Java\jdk1.7.0_67_x64\jre\lib\charsets.jar;C:\DWDevEnvironment\Java\jdk1.7.0_67_x64\jre\lib\jfr.jar;C:\DWDevEnvironment\Java\jdk1.7.0_67_x64\jre\classes"/>
    <property name="java.vendor" value="Oracle Corporation"/>
    <property name="maven.home" value="C:\DWDevEnvironment\eclipse-oxygen\eclipse-workspace\dada-manager\EMBEDDED"/>
    <property name="file.separator" value="\"/>
    <property name="java.vendor.url.bug" value="http://bugreport.sun.com/bugreport/"/>
    <property name="sun.cpu.endian" value="little"/>
    <property name="sun.io.unicode.encoding" value="UnicodeLittle"/>
    <property name="sun.desktop" value="windows"/>
    <property name="sun.cpu.isalist" value="amd64"/>
  </properties>
  <testcase time="0.128" classname="com.dada.controller.FTPTest" name="testFtpClient"/>
</testsuite>